[debug] [2023-08-30T01:18:35.596Z] ----------------------------------------------------------------------
[debug] [2023-08-30T01:18:35.598Z] Command:       c:\program files\nodejs\node.exe C:\Users\Welington Fernandes\AppData\Roaming\npm\node_modules\firebase-tools\lib\bin\firebase.js deploy
[debug] [2023-08-30T01:18:35.599Z] CLI Version:   12.5.2
[debug] [2023-08-30T01:18:35.599Z] Platform:      win32
[debug] [2023-08-30T01:18:35.599Z] Node Version:  v18.12.1
[debug] [2023-08-30T01:18:35.600Z] Time:          Tue Aug 29 2023 22:18:35 GMT-0300 (Horário Padrão de Brasília)
[debug] [2023-08-30T01:18:35.600Z] ----------------------------------------------------------------------
[debug] 
[debug] [2023-08-30T01:18:35.679Z] > command requires scopes: ["email","openid","https://www.googleapis.com/auth/cloudplatformprojects.readonly","https://www.googleapis.com/auth/firebase","https://www.googleapis.com/auth/cloud-platform"]
[debug] [2023-08-30T01:18:35.680Z] > authorizing via signed-in user (negrillosbf@gmail.com)
[debug] [2023-08-30T01:18:35.680Z] [iam] checking project wf-developer for permissions ["firebase.projects.get","firebasedatabase.instances.update","firebasehosting.sites.update"]
[debug] [2023-08-30T01:18:35.682Z] >>> [apiv2][query] POST https://cloudresourcemanager.googleapis.com/v1/projects/wf-developer:testIamPermissions [none]
[debug] [2023-08-30T01:18:35.683Z] >>> [apiv2][(partial)header] POST https://cloudresourcemanager.googleapis.com/v1/projects/wf-developer:testIamPermissions x-goog-quota-user=projects/wf-developer
[debug] [2023-08-30T01:18:35.683Z] >>> [apiv2][body] POST https://cloudresourcemanager.googleapis.com/v1/projects/wf-developer:testIamPermissions {"permissions":["firebase.projects.get","firebasedatabase.instances.update","firebasehosting.sites.update"]}
[debug] [2023-08-30T01:18:36.601Z] <<< [apiv2][status] POST https://cloudresourcemanager.googleapis.com/v1/projects/wf-developer:testIamPermissions 200
[debug] [2023-08-30T01:18:36.601Z] <<< [apiv2][body] POST https://cloudresourcemanager.googleapis.com/v1/projects/wf-developer:testIamPermissions {"permissions":["firebase.projects.get","firebasedatabase.instances.update","firebasehosting.sites.update"]}
[debug] [2023-08-30T01:18:36.602Z] >>> [apiv2][query] GET https://firebase.googleapis.com/v1beta1/projects/wf-developer [none]
[debug] [2023-08-30T01:18:36.998Z] <<< [apiv2][status] GET https://firebase.googleapis.com/v1beta1/projects/wf-developer 200
[debug] [2023-08-30T01:18:36.998Z] <<< [apiv2][body] GET https://firebase.googleapis.com/v1beta1/projects/wf-developer {"projectId":"wf-developer","projectNumber":"856977100444","displayName":"dev-wf","name":"projects/wf-developer","resources":{"hostingSite":"wf-developer","realtimeDatabaseInstance":"wf-developer-default-rtdb"},"state":"ACTIVE","etag":"1_084d79cf-4f2f-4044-917d-d466d144d83f"}
[debug] [2023-08-30T01:18:36.998Z] >>> [apiv2][query] GET https://firebase.googleapis.com/v1beta1/projects/wf-developer [none]
[debug] [2023-08-30T01:18:37.355Z] <<< [apiv2][status] GET https://firebase.googleapis.com/v1beta1/projects/wf-developer 200
[debug] [2023-08-30T01:18:37.355Z] <<< [apiv2][body] GET https://firebase.googleapis.com/v1beta1/projects/wf-developer {"projectId":"wf-developer","projectNumber":"856977100444","displayName":"dev-wf","name":"projects/wf-developer","resources":{"hostingSite":"wf-developer","realtimeDatabaseInstance":"wf-developer-default-rtdb"},"state":"ACTIVE","etag":"1_084d79cf-4f2f-4044-917d-d466d144d83f"}
[info] 
[info] === Deploying to 'wf-developer'...
[info] 
[info] i  deploying database, hosting 
[info] i  database: checking rules syntax... 
[debug] [2023-08-30T01:18:37.360Z] >>> [apiv2][query] GET https://firebasedatabase.googleapis.com/v1beta/projects/wf-developer/locations/-/instances/wf-developer-default-rtdb [none]
[debug] [2023-08-30T01:18:38.379Z] <<< [apiv2][status] GET https://firebasedatabase.googleapis.com/v1beta/projects/wf-developer/locations/-/instances/wf-developer-default-rtdb 200
[debug] [2023-08-30T01:18:38.379Z] <<< [apiv2][body] GET https://firebasedatabase.googleapis.com/v1beta/projects/wf-developer/locations/-/instances/wf-developer-default-rtdb {"name":"projects/856977100444/locations/us-central1/instances/wf-developer-default-rtdb","project":"projects/856977100444","databaseUrl":"https://wf-developer-default-rtdb.firebaseio.com","type":"DEFAULT_DATABASE","state":"ACTIVE"}
[debug] [2023-08-30T01:18:38.381Z] >>> [apiv2][query] PUT https://wf-developer-default-rtdb.firebaseio.com/.settings/rules.json dryRun=true
[debug] [2023-08-30T01:18:38.381Z] >>> [apiv2][body] PUT https://wf-developer-default-rtdb.firebaseio.com/.settings/rules.json "{\n  /* Visit https://firebase.google.com/docs/database/security to learn more about security rules. */\n  \"rules\": {\n    \".read\": false,\n    \".write\": false\n  }\n}"
[debug] [2023-08-30T01:18:38.775Z] <<< [apiv2][status] PUT https://wf-developer-default-rtdb.firebaseio.com/.settings/rules.json 200
[debug] [2023-08-30T01:18:38.776Z] <<< [apiv2][body] PUT https://wf-developer-default-rtdb.firebaseio.com/.settings/rules.json {"status":"ok"}
[info] +  database: rules syntax for database wf-developer-default-rtdb is valid 
[debug] [2023-08-30T01:18:38.779Z] >>> [apiv2][query] POST https://firebasehosting.googleapis.com/v1beta1/projects/-/sites/wf-developer/versions [none]
[debug] [2023-08-30T01:18:38.779Z] >>> [apiv2][body] POST https://firebasehosting.googleapis.com/v1beta1/projects/-/sites/wf-developer/versions {"status":"CREATED","labels":{"deployment-tool":"cli-firebase"}}
[debug] [2023-08-30T01:18:40.053Z] <<< [apiv2][status] POST https://firebasehosting.googleapis.com/v1beta1/projects/-/sites/wf-developer/versions 200
